\BOOKMARK [1][-]{section.2}{Introduction}{}
\BOOKMARK [2][-]{subsection.3}{Rappel du contexte}{section.2}
\BOOKMARK [2][-]{subsection.5}{Pr\351sentation du document}{section.2}
\BOOKMARK [2][-]{subsection.6}{Documents applicables et de r\351f\351rence}{section.2}
\BOOKMARK [1][-]{section.9}{Pr\351sentation des besoins du logiciel}{}
\BOOKMARK [2][-]{subsection.10}{Objectifs du logiciel}{section.9}
\BOOKMARK [3][-]{subsubsection.11}{G\351opositionnement}{subsection.10}
\BOOKMARK [3][-]{subsubsection.12}{Intervention sur site}{subsection.10}
\BOOKMARK [3][-]{subsubsection.13}{Communication}{subsection.10}
\BOOKMARK [2][-]{subsection.14}{Contraintes li\351es au contexte}{section.9}
\BOOKMARK [3][-]{subsubsection.15}{Exp\351rience utilisateur}{subsection.14}
\BOOKMARK [3][-]{subsubsection.16}{Ergonomie g\351n\351rale}{subsection.14}
\BOOKMARK [2][-]{subsection.17}{D\351coupage applicatif}{section.9}
\BOOKMARK [1][-]{section.19}{Exigences fonctionnelles}{}
\BOOKMARK [2][-]{subsection.20}{Envoi position intervenant}{section.19}
\BOOKMARK [2][-]{subsection.21}{Demande itin\351raire}{section.19}
\BOOKMARK [2][-]{subsection.22}{Affichage itin\351raire}{section.19}
\BOOKMARK [2][-]{subsection.23}{Identification}{section.19}
\BOOKMARK [2][-]{subsection.24}{Connexion distante au site isol\351}{section.19}
\BOOKMARK [2][-]{subsection.25}{Connexion locale au site isol\351}{section.19}
\BOOKMARK [2][-]{subsection.26}{Envoi rapport d'intervention}{section.19}
\BOOKMARK [2][-]{subsection.27}{Envoi message}{section.19}
\BOOKMARK [2][-]{subsection.28}{R\351ception message}{section.19}
\BOOKMARK [1][-]{section.29}{Exigences non fonctionnelles}{}
\BOOKMARK [2][-]{subsection.30}{S\351curit\351}{section.29}
\BOOKMARK [2][-]{subsection.31}{Fiabilit\351}{section.29}
\BOOKMARK [2][-]{subsection.32}{Ergonomie}{section.29}
\BOOKMARK [2][-]{subsection.33}{Portabilit\351}{section.29}
\BOOKMARK [2][-]{subsection.34}{Modularit\351}{section.29}
\BOOKMARK [2][-]{subsection.35}{Configuration}{section.29}
\BOOKMARK [2][-]{subsection.36}{Performances et facteurs de qualit\351}{section.29}
\BOOKMARK [1][-]{section.37}{Analyse des exigences}{}
\BOOKMARK [2][-]{subsection.38}{Crit\350res d'analyse}{section.37}
\BOOKMARK [2][-]{subsection.39}{Analyse des exigences fonctionnelles}{section.37}
\BOOKMARK [2][-]{subsection.42}{Analyse des exigences non fonctionnelles}{section.37}
\BOOKMARK [1][-]{section.45}{Mise en \234uvre}{}
\BOOKMARK [2][-]{subsection.46}{Faisabilit\351}{section.45}
\BOOKMARK [2][-]{subsection.47}{Configuration cible}{section.45}
\BOOKMARK [3][-]{subsubsection.48}{Mat\351riel}{subsection.47}
\BOOKMARK [3][-]{subsubsection.49}{Environnement op\351rationnel}{subsection.47}
\BOOKMARK [3][-]{subsubsection.50}{Connectique}{subsection.47}
\BOOKMARK [2][-]{subsection.51}{Planning}{section.45}
