\BOOKMARK [1][-]{section.2}{Introduction}{}
\BOOKMARK [1][-]{section.3}{Pr\351sentation du projet}{}
\BOOKMARK [2][-]{subsection.4}{Rappel du contexte}{section.3}
\BOOKMARK [2][-]{subsection.6}{Pr\351sentation du document}{section.3}
\BOOKMARK [2][-]{subsection.7}{Documents applicables et de r\351f\351rence}{section.3}
\BOOKMARK [1][-]{section.10}{Pr\351sentation des besoins du logiciel}{}
\BOOKMARK [2][-]{subsection.11}{Objectifs du logiciel}{section.10}
\BOOKMARK [3][-]{subsubsection.12}{Collecter les donn\351es}{subsection.11}
\BOOKMARK [3][-]{subsubsection.13}{G\351rer l'authentification}{subsection.11}
\BOOKMARK [3][-]{subsubsection.14}{Fournir les services}{subsection.11}
\BOOKMARK [2][-]{subsection.15}{Contraintes li\351es au contexte}{section.10}
\BOOKMARK [3][-]{subsubsection.16}{Consultation des donn\351es}{subsection.15}
\BOOKMARK [3][-]{subsubsection.17}{S\351curit\351 des \351changes}{subsection.15}
\BOOKMARK [1][-]{section.18}{Exigences fonctionnelles}{}
\BOOKMARK [2][-]{subsection.19}{\311tablir une connexion SSH avec un site isol\351}{section.18}
\BOOKMARK [2][-]{subsection.20}{R\351cup\351ration automatique des donn\351es}{section.18}
\BOOKMARK [2][-]{subsection.21}{Stockage des donn\351es}{section.18}
\BOOKMARK [2][-]{subsection.22}{G\351rer l'authentification des intervenants}{section.18}
\BOOKMARK [2][-]{subsection.23}{Fournir les services d'interaction avec le site isol\351}{section.18}
\BOOKMARK [3][-]{subsubsection.24}{Service de lecture d'une donn\351e d'un site isol\351}{subsection.23}
\BOOKMARK [3][-]{subsubsection.25}{Service d'utilisation d'un actionneur d'un site isol\351}{subsection.23}
\BOOKMARK [3][-]{subsubsection.26}{Service de configuration d'un site isol\351}{subsection.23}
\BOOKMARK [1][-]{section.27}{Exigences non fonctionnelles}{}
\BOOKMARK [2][-]{subsection.28}{Configurabilit\351}{section.27}
\BOOKMARK [2][-]{subsection.29}{Interop\351rabilit\351 des donn\351es}{section.27}
\BOOKMARK [2][-]{subsection.30}{P\351rennit\351 des donn\351es}{section.27}
\BOOKMARK [2][-]{subsection.31}{S\351curit\351}{section.27}
\BOOKMARK [1][-]{section.32}{Analyse des exigences}{}
\BOOKMARK [2][-]{subsection.33}{Crit\350res d'analyse}{section.32}
\BOOKMARK [2][-]{subsection.34}{Analyse des exigences fonctionnelles}{section.32}
\BOOKMARK [2][-]{subsection.37}{Analyse des exigences non fonctionnelles}{section.32}
\BOOKMARK [1][-]{section.40}{Mise en \234uvre}{}
\BOOKMARK [2][-]{subsection.41}{Configuration cible}{section.40}
\BOOKMARK [2][-]{subsection.42}{Planning}{section.40}
