\BOOKMARK [1][-]{section.1}{Introduction}{}
\BOOKMARK [1][-]{section.2}{Rappel du probl\350me}{}
\BOOKMARK [2][-]{subsection.2.1}{Le contexte}{section.2}
\BOOKMARK [2][-]{subsection.2.2}{Les objectifs}{section.2}
\BOOKMARK [1][-]{section.3}{Les contraintes g\351n\351rales}{}
\BOOKMARK [1][-]{section.4}{Analyse de l'existant}{}
\BOOKMARK [2][-]{subsection.4.1}{Solution existante interne \340 COPEVUE}{section.4}
\BOOKMARK [2][-]{subsection.4.2}{Solution existante concurrente}{section.4}
\BOOKMARK [3][-]{subsubsection.4.2.1}{One Touch Automation}{subsection.4.2}
\BOOKMARK [3][-]{subsubsection.4.2.2}{MeerCam}{subsection.4.2}
\BOOKMARK [3][-]{subsubsection.4.2.3}{ELOcom}{subsection.4.2}
\BOOKMARK [1][-]{section.5}{Etude de faisabilit\351}{}
\BOOKMARK [2][-]{subsection.5.1}{Probl\350mes sp\351cifiques au climat et solutions}{section.5}
\BOOKMARK [3][-]{subsubsection.5.1.1}{Probl\350mes rencontr\351s \340 cause du froid}{subsection.5.1}
\BOOKMARK [3][-]{subsubsection.5.1.2}{Solutions envisageables}{subsection.5.1}
\BOOKMARK [2][-]{subsection.5.2}{Syst\350me embarqu\351}{section.5}
\BOOKMARK [3][-]{subsubsection.5.2.1}{Syst\350me d'exploitation}{subsection.5.2}
\BOOKMARK [3][-]{subsubsection.5.2.2}{Mat\351riel}{subsection.5.2}
\BOOKMARK [2][-]{subsection.5.3}{Production d'\351nergie}{section.5}
\BOOKMARK [3][-]{subsubsection.5.3.1}{Batteries longue dur\351e}{subsection.5.3}
\BOOKMARK [3][-]{subsubsection.5.3.2}{\311nergie solaire}{subsection.5.3}
\BOOKMARK [3][-]{subsubsection.5.3.3}{\311nergie \351olienne}{subsection.5.3}
\BOOKMARK [3][-]{subsubsection.5.3.4}{Pile \340 combustible}{subsection.5.3}
\BOOKMARK [2][-]{subsection.5.4}{Communication}{section.5}
\BOOKMARK [3][-]{subsubsection.5.4.1}{Communication entre la station et le site central}{subsection.5.4}
\BOOKMARK [3][-]{subsubsection.5.4.2}{Communication entre les capteurs et la station}{subsection.5.4}
\BOOKMARK [3][-]{subsubsection.5.4.3}{Communication entre les \351quipes d'entretien et les stations}{subsection.5.4}
\BOOKMARK [2][-]{subsection.5.5}{Localisation}{section.5}
\BOOKMARK [2][-]{subsection.5.6}{Capteurs de niveau}{section.5}
\BOOKMARK [3][-]{subsubsection.5.6.1}{Capteurs de niveau pour liquides}{subsection.5.6}
\BOOKMARK [3][-]{subsubsection.5.6.2}{Capteurs de niveau pour solides}{subsection.5.6}
\BOOKMARK [3][-]{subsubsection.5.6.3}{Capteurs hybrides \(liquides \046 solides\)}{subsection.5.6}
\BOOKMARK [1][-]{section.6}{Conclusion}{}
\BOOKMARK [1][-]{section.7}{Annexes}{}
