\BOOKMARK [-1][-]{part.1}{I Dossier de gestion de la documentation}{}
\BOOKMARK [0][-]{chapter.2}{Introduction}{part.1}
\BOOKMARK [1][-]{section.4}{Pr\351sentation du projet}{chapter.2}
\BOOKMARK [1][-]{section.6}{Pr\351sentation du document}{chapter.2}
\BOOKMARK [2][-]{subsection.7}{Objectifs}{section.6}
\BOOKMARK [1][-]{section.8}{Documents applicables et de r\351f\351rence}{chapter.2}
\BOOKMARK [2][-]{subsection.9}{Documents applicables}{section.8}
\BOOKMARK [2][-]{subsection.10}{Documents de r\351f\351rence}{section.8}
\BOOKMARK [0][-]{chapter.11}{R\350gles g\351n\351rales}{part.1}
\BOOKMARK [1][-]{section.12}{Identification des documents}{chapter.11}
\BOOKMARK [1][-]{section.13}{Norme de pr\351sentation}{chapter.11}
\BOOKMARK [1][-]{section.14}{Etats d'un document}{chapter.11}
\BOOKMARK [1][-]{section.16}{Cycle de vie d'un document}{chapter.11}
\BOOKMARK [2][-]{subsection.17}{Production du document}{section.16}
\BOOKMARK [2][-]{subsection.18}{V\351rification et validation du document}{section.16}
\BOOKMARK [2][-]{subsection.19}{Archivage du document}{section.16}
\BOOKMARK [1][-]{section.20}{Gestion des versions}{chapter.11}
\BOOKMARK [0][-]{chapter.21}{Gestion de la documentation produite}{part.1}
\BOOKMARK [1][-]{section.22}{Documents applicables et de r\351f\351rence}{chapter.21}
\BOOKMARK [2][-]{subsection.23}{Documents applicables}{section.22}
\BOOKMARK [2][-]{subsection.24}{Documents de r\351f\351rence}{section.22}
\BOOKMARK [1][-]{section.25}{Gestion physique des fichiers contenant les documents}{chapter.21}
\BOOKMARK [2][-]{subsection.26}{R\351pertoires}{section.25}
\BOOKMARK [2][-]{subsection.27}{Proc\351dures de sauvegarde et archivage}{section.25}
\BOOKMARK [0][-]{chapter.28}{Communication interne}{part.1}
\BOOKMARK [-1][-]{part.29}{II Plan d'assurance qualit\351 projet}{}
\BOOKMARK [0][-]{chapter.30}{Introduction}{part.29}
\BOOKMARK [1][-]{section.32}{Pr\351sentation du projet}{chapter.30}
\BOOKMARK [1][-]{section.34}{Pr\351sentation du document}{chapter.30}
\BOOKMARK [2][-]{subsection.35}{Objectifs}{section.34}
\BOOKMARK [1][-]{section.36}{Documents applicables et de r\351f\351rence}{chapter.30}
\BOOKMARK [2][-]{subsection.37}{Documents applicables}{section.36}
\BOOKMARK [2][-]{subsection.38}{Documents de r\351f\351rence}{section.36}
\BOOKMARK [0][-]{chapter.39}{Premier chapitre}{part.29}
\BOOKMARK [0][-]{chapter.40}{Mod\350les de documents}{part.29}
\BOOKMARK [1][-]{section.41}{Mod\350le de document livrable}{chapter.40}
\BOOKMARK [0][-]{chapter.50}{Plans types}{part.29}
\BOOKMARK [1][-]{section.51}{STB}{chapter.50}
\BOOKMARK [1][-]{section.62}{CNS}{chapter.50}
\BOOKMARK [1][-]{section.71}{CDC}{chapter.50}
